{"C:\\au-jest-setup\\src\\app.ts": {"path":"C:\\au-jest-setup\\src\\app.ts","statementMap":{"0":{"start":{"line":1,"column":0},"end":{"line":1,"column":37}},"1":{"start":{"line":4,"column":0},"end":{"line":4,"column":13}},"2":{"start":{"line":7,"column":9},"end":{"line":34,"column":null}},"3":{"start":{"line":8,"column":4},"end":{"line":8,"column":29}},"4":{"start":{"line":9,"column":4},"end":{"line":31,"column":7}},"5":{"start":{"line":33,"column":4},"end":{"line":33,"column":25}},"6":{"start":{"line":35,"column":0},"end":{"line":35,"column":null}},"7":{"start":{"line":4,"column":13},"end":{"line":4,"column":16}}},"fnMap":{"0":{"name":"(anonymous_0)","decl":{"start":{"line":4,"column":0},"end":{"line":4,"column":13}},"loc":{"start":{"line":4,"column":0},"end":{"line":35,"column":null}}},"1":{"name":"(anonymous_2)","decl":{"start":{"line":7,"column":2},"end":{"line":7,"column":9}},"loc":{"start":{"line":7,"column":68},"end":{"line":34,"column":3}}}},"branchMap":{},"s":{"0":1,"1":1,"2":1,"3":5,"4":5,"5":5,"6":1,"7":1},"f":{"0":6,"1":5},"b":{}}
,"C:\\au-jest-setup\\src\\blur-image.ts": {"path":"C:\\au-jest-setup\\src\\blur-image.ts","statementMap":{"0":{"start":{"line":1,"column":0},"end":{"line":1,"column":45}},"1":{"start":{"line":4,"column":0},"end":{"line":4,"column":13}},"2":{"start":{"line":5,"column":22},"end":{"line":5,"column":31}},"3":{"start":{"line":8,"column":9},"end":{"line":14,"column":null}},"4":{"start":{"line":8,"column":2},"end":{"line":8,"column":9}},"5":{"start":{"line":10,"column":6},"end":{"line":10,"column":39}},"6":{"start":{"line":12,"column":6},"end":{"line":12,"column":63}},"7":{"start":{"line":12,"column":30},"end":{"line":12,"column":63}},"8":{"start":{"line":4,"column":13},"end":{"line":15,"column":null}},"9":{"start":{"line":15,"column":0},"end":{"line":15,"column":null}},"10":{"start":{"line":4,"column":13},"end":{"line":4,"column":37}},"11":{"start":{"line":101,"column":18},"end":{"line":101,"column":20}},"12":{"start":{"line":105,"column":1},"end":{"line":105,"column":43}},"13":{"start":{"line":105,"column":36},"end":{"line":105,"column":43}},"14":{"start":{"line":106,"column":1},"end":{"line":106,"column":13}},"15":{"start":{"line":108,"column":15},"end":{"line":108,"column":38}},"16":{"start":{"line":112,"column":3},"end":{"line":112,"column":67}},"17":{"start":{"line":114,"column":3},"end":{"line":114,"column":56}},"18":{"start":{"line":117,"column":14},"end":{"line":117,"column":28}},"19":{"start":{"line":124,"column":11},"end":{"line":124,"column":30}},"20":{"start":{"line":125,"column":10},"end":{"line":125,"column":20}},"21":{"start":{"line":126,"column":20},"end":{"line":126,"column":29}},"22":{"start":{"line":127,"column":20},"end":{"line":127,"column":30}},"23":{"start":{"line":128,"column":20},"end":{"line":128,"column":30}},"24":{"start":{"line":129,"column":17},"end":{"line":129,"column":54}},"25":{"start":{"line":131,"column":18},"end":{"line":131,"column":33}},"26":{"start":{"line":132,"column":13},"end":{"line":132,"column":23}},"27":{"start":{"line":135,"column":2},"end":{"line":135,"column":39}},"28":{"start":{"line":136,"column":2},"end":{"line":136,"column":47}},"29":{"start":{"line":136,"column":41},"end":{"line":136,"column":46}},"30":{"start":{"line":138,"column":1},"end":{"line":138,"column":25}},"31":{"start":{"line":139,"column":15},"end":{"line":139,"column":19}},"32":{"start":{"line":140,"column":16},"end":{"line":140,"column":20}},"33":{"start":{"line":142,"column":1},"end":{"line":142,"column":13}},"34":{"start":{"line":144,"column":15},"end":{"line":144,"column":32}},"35":{"start":{"line":145,"column":15},"end":{"line":145,"column":32}},"36":{"start":{"line":149,"column":2},"end":{"line":149,"column":80}},"37":{"start":{"line":151,"column":2},"end":{"line":151,"column":48}},"38":{"start":{"line":152,"column":2},"end":{"line":152,"column":50}},"39":{"start":{"line":153,"column":2},"end":{"line":153,"column":50}},"40":{"start":{"line":154,"column":2},"end":{"line":154,"column":50}},"41":{"start":{"line":156,"column":2},"end":{"line":156,"column":26}},"42":{"start":{"line":157,"column":2},"end":{"line":157,"column":26}},"43":{"start":{"line":158,"column":2},"end":{"line":158,"column":26}},"44":{"start":{"line":159,"column":2},"end":{"line":159,"column":26}},"45":{"start":{"line":161,"column":2},"end":{"line":161,"column":21}},"46":{"start":{"line":165,"column":3},"end":{"line":165,"column":16}},"47":{"start":{"line":166,"column":3},"end":{"line":166,"column":16}},"48":{"start":{"line":167,"column":3},"end":{"line":167,"column":16}},"49":{"start":{"line":168,"column":3},"end":{"line":168,"column":16}},"50":{"start":{"line":169,"column":3},"end":{"line":169,"column":22}},"51":{"start":{"line":174,"column":3},"end":{"line":174,"column":58}},"52":{"start":{"line":175,"column":3},"end":{"line":175,"column":71}},"53":{"start":{"line":176,"column":3},"end":{"line":176,"column":51}},"54":{"start":{"line":177,"column":3},"end":{"line":177,"column":51}},"55":{"start":{"line":178,"column":3},"end":{"line":178,"column":51}},"56":{"start":{"line":180,"column":3},"end":{"line":180,"column":18}},"57":{"start":{"line":181,"column":3},"end":{"line":181,"column":18}},"58":{"start":{"line":182,"column":3},"end":{"line":182,"column":18}},"59":{"start":{"line":183,"column":3},"end":{"line":183,"column":18}},"60":{"start":{"line":185,"column":3},"end":{"line":185,"column":22}},"61":{"start":{"line":189,"column":2},"end":{"line":189,"column":23}},"62":{"start":{"line":190,"column":2},"end":{"line":190,"column":22}},"63":{"start":{"line":193,"column":3},"end":{"line":193,"column":52}},"64":{"start":{"line":196,"column":4},"end":{"line":196,"column":18}},"65":{"start":{"line":197,"column":4},"end":{"line":197,"column":55}},"66":{"start":{"line":198,"column":4},"end":{"line":198,"column":55}},"67":{"start":{"line":199,"column":4},"end":{"line":199,"column":55}},"68":{"start":{"line":201,"column":4},"end":{"line":201,"column":49}},"69":{"start":{"line":204,"column":3},"end":{"line":204,"column":22}},"70":{"start":{"line":205,"column":3},"end":{"line":205,"column":22}},"71":{"start":{"line":206,"column":3},"end":{"line":206,"column":22}},"72":{"start":{"line":207,"column":3},"end":{"line":207,"column":22}},"73":{"start":{"line":209,"column":3},"end":{"line":209,"column":26}},"74":{"start":{"line":210,"column":3},"end":{"line":210,"column":26}},"75":{"start":{"line":211,"column":3},"end":{"line":211,"column":26}},"76":{"start":{"line":212,"column":3},"end":{"line":212,"column":26}},"77":{"start":{"line":214,"column":3},"end":{"line":214,"column":81}},"78":{"start":{"line":216,"column":3},"end":{"line":216,"column":40}},"79":{"start":{"line":217,"column":3},"end":{"line":217,"column":42}},"80":{"start":{"line":218,"column":3},"end":{"line":218,"column":42}},"81":{"start":{"line":219,"column":3},"end":{"line":219,"column":42}},"82":{"start":{"line":221,"column":3},"end":{"line":221,"column":21}},"83":{"start":{"line":222,"column":3},"end":{"line":222,"column":21}},"84":{"start":{"line":223,"column":3},"end":{"line":223,"column":21}},"85":{"start":{"line":224,"column":3},"end":{"line":224,"column":21}},"86":{"start":{"line":226,"column":3},"end":{"line":226,"column":26}},"87":{"start":{"line":228,"column":3},"end":{"line":228,"column":36}},"88":{"start":{"line":229,"column":3},"end":{"line":229,"column":36}},"89":{"start":{"line":230,"column":3},"end":{"line":230,"column":36}},"90":{"start":{"line":231,"column":3},"end":{"line":231,"column":36}},"91":{"start":{"line":233,"column":3},"end":{"line":233,"column":18}},"92":{"start":{"line":234,"column":3},"end":{"line":234,"column":18}},"93":{"start":{"line":235,"column":3},"end":{"line":235,"column":18}},"94":{"start":{"line":236,"column":3},"end":{"line":236,"column":18}},"95":{"start":{"line":238,"column":3},"end":{"line":238,"column":28}},"96":{"start":{"line":240,"column":3},"end":{"line":240,"column":11}},"97":{"start":{"line":242,"column":2},"end":{"line":242,"column":14}},"98":{"start":{"line":248,"column":2},"end":{"line":248,"column":80}},"99":{"start":{"line":250,"column":2},"end":{"line":250,"column":14}},"100":{"start":{"line":251,"column":2},"end":{"line":251,"column":47}},"101":{"start":{"line":252,"column":2},"end":{"line":252,"column":49}},"102":{"start":{"line":253,"column":2},"end":{"line":253,"column":49}},"103":{"start":{"line":254,"column":2},"end":{"line":254,"column":49}},"104":{"start":{"line":256,"column":2},"end":{"line":256,"column":26}},"105":{"start":{"line":257,"column":2},"end":{"line":257,"column":26}},"106":{"start":{"line":258,"column":2},"end":{"line":258,"column":26}},"107":{"start":{"line":259,"column":2},"end":{"line":259,"column":26}},"108":{"start":{"line":261,"column":2},"end":{"line":261,"column":21}},"109":{"start":{"line":265,"column":3},"end":{"line":265,"column":16}},"110":{"start":{"line":266,"column":3},"end":{"line":266,"column":16}},"111":{"start":{"line":267,"column":3},"end":{"line":267,"column":16}},"112":{"start":{"line":268,"column":3},"end":{"line":268,"column":16}},"113":{"start":{"line":269,"column":3},"end":{"line":269,"column":22}},"114":{"start":{"line":272,"column":2},"end":{"line":272,"column":13}},"115":{"start":{"line":276,"column":3},"end":{"line":276,"column":24}},"116":{"start":{"line":278,"column":3},"end":{"line":278,"column":72}},"117":{"start":{"line":279,"column":3},"end":{"line":279,"column":52}},"118":{"start":{"line":280,"column":3},"end":{"line":280,"column":52}},"119":{"start":{"line":281,"column":3},"end":{"line":281,"column":52}},"120":{"start":{"line":283,"column":3},"end":{"line":283,"column":18}},"121":{"start":{"line":284,"column":3},"end":{"line":284,"column":18}},"122":{"start":{"line":285,"column":3},"end":{"line":285,"column":18}},"123":{"start":{"line":286,"column":3},"end":{"line":286,"column":18}},"124":{"start":{"line":288,"column":3},"end":{"line":288,"column":22}},"125":{"start":{"line":292,"column":4},"end":{"line":292,"column":16}},"126":{"start":{"line":296,"column":2},"end":{"line":296,"column":9}},"127":{"start":{"line":297,"column":2},"end":{"line":297,"column":23}},"128":{"start":{"line":298,"column":2},"end":{"line":298,"column":22}},"129":{"start":{"line":301,"column":3},"end":{"line":301,"column":15}},"130":{"start":{"line":302,"column":3},"end":{"line":302,"column":51}},"131":{"start":{"line":305,"column":4},"end":{"line":305,"column":18}},"132":{"start":{"line":306,"column":4},"end":{"line":306,"column":55}},"133":{"start":{"line":307,"column":4},"end":{"line":307,"column":55}},"134":{"start":{"line":308,"column":4},"end":{"line":308,"column":55}},"135":{"start":{"line":310,"column":4},"end":{"line":310,"column":46}},"136":{"start":{"line":313,"column":3},"end":{"line":313,"column":22}},"137":{"start":{"line":314,"column":3},"end":{"line":314,"column":22}},"138":{"start":{"line":315,"column":3},"end":{"line":315,"column":22}},"139":{"start":{"line":316,"column":3},"end":{"line":316,"column":22}},"140":{"start":{"line":318,"column":3},"end":{"line":318,"column":26}},"141":{"start":{"line":319,"column":3},"end":{"line":319,"column":26}},"142":{"start":{"line":320,"column":3},"end":{"line":320,"column":26}},"143":{"start":{"line":321,"column":3},"end":{"line":321,"column":26}},"144":{"start":{"line":323,"column":3},"end":{"line":323,"column":91}},"145":{"start":{"line":325,"column":3},"end":{"line":325,"column":52}},"146":{"start":{"line":326,"column":3},"end":{"line":326,"column":54}},"147":{"start":{"line":327,"column":3},"end":{"line":327,"column":54}},"148":{"start":{"line":328,"column":3},"end":{"line":328,"column":54}},"149":{"start":{"line":330,"column":3},"end":{"line":330,"column":26}},"150":{"start":{"line":332,"column":3},"end":{"line":332,"column":36}},"151":{"start":{"line":333,"column":3},"end":{"line":333,"column":36}},"152":{"start":{"line":334,"column":3},"end":{"line":334,"column":36}},"153":{"start":{"line":335,"column":3},"end":{"line":335,"column":36}},"154":{"start":{"line":337,"column":3},"end":{"line":337,"column":18}},"155":{"start":{"line":338,"column":3},"end":{"line":338,"column":18}},"156":{"start":{"line":339,"column":3},"end":{"line":339,"column":18}},"157":{"start":{"line":340,"column":3},"end":{"line":340,"column":18}},"158":{"start":{"line":342,"column":3},"end":{"line":342,"column":28}},"159":{"start":{"line":344,"column":3},"end":{"line":344,"column":15}},"160":{"start":{"line":348,"column":1},"end":{"line":348,"column":49}},"161":{"start":{"line":354,"column":1},"end":{"line":354,"column":12}},"162":{"start":{"line":355,"column":1},"end":{"line":355,"column":12}},"163":{"start":{"line":356,"column":1},"end":{"line":356,"column":12}},"164":{"start":{"line":357,"column":1},"end":{"line":357,"column":12}},"165":{"start":{"line":358,"column":1},"end":{"line":358,"column":18}},"166":{"start":{"line":362,"column":10},"end":{"line":362,"column":22}},"167":{"start":{"line":363,"column":10},"end":{"line":363,"column":23}},"168":{"start":{"line":364,"column":22},"end":{"line":364,"column":45}},"169":{"start":{"line":365,"column":2},"end":{"line":365,"column":45}},"170":{"start":{"line":366,"column":2},"end":{"line":366,"column":55}}},"fnMap":{"0":{"name":"BlurImageCustomAttribute","decl":{"start":{"line":5,"column":2},"end":{"line":5,"column":22}},"loc":{"start":{"line":5,"column":38},"end":{"line":6,"column":3}}},"1":{"name":"(anonymous_4)","decl":{"start":{"line":8,"column":2},"end":{"line":8,"column":9}},"loc":{"start":{"line":8,"column":48},"end":{"line":14,"column":3}}},"2":{"name":"(anonymous_5)","decl":{"start":{"line":12,"column":24},"end":{"line":12,"column":30}},"loc":{"start":{"line":12,"column":24},"end":{"line":12,"column":38}}},"3":{"name":"stackBlurCanvasRGBA","decl":{"start":{"line":103,"column":9},"end":{"line":103,"column":28}},"loc":{"start":{"line":103,"column":73},"end":{"line":350,"column":1}}},"4":{"name":"BlurStack","decl":{"start":{"line":352,"column":9},"end":{"line":352,"column":18}},"loc":{"start":{"line":352,"column":18},"end":{"line":359,"column":1}}},"5":{"name":"drawBlur","decl":{"start":{"line":361,"column":9},"end":{"line":361,"column":17}},"loc":{"start":{"line":361,"column":31},"end":{"line":367,"column":1}}}},"branchMap":{"0":{"loc":{"start":{"line":105,"column":1},"end":{"line":105,"column":43}},"type":"if","locations":[{"start":{"line":105,"column":1},"end":{"line":105,"column":43}},{"start":{"line":105,"column":1},"end":{"line":105,"column":43}}]},"1":{"loc":{"start":{"line":105,"column":6},"end":{"line":105,"column":19}},"type":"binary-expr","locations":[{"start":{"line":105,"column":6},"end":{"line":105,"column":19}},{"start":{"line":105,"column":23},"end":{"line":105,"column":33}}]},"2":{"loc":{"start":{"line":136,"column":2},"end":{"line":136,"column":47}},"type":"if","locations":[{"start":{"line":136,"column":2},"end":{"line":136,"column":47}},{"start":{"line":136,"column":2},"end":{"line":136,"column":47}}]},"3":{"loc":{"start":{"line":174,"column":33},"end":{"line":174,"column":44}},"type":"cond-expr","locations":[{"start":{"line":174,"column":33},"end":{"line":174,"column":44}},{"start":{"line":174,"column":47},"end":{"line":174,"column":48}}]},"4":{"loc":{"start":{"line":214,"column":56},"end":{"line":214,"column":57}},"type":"cond-expr","locations":[{"start":{"line":214,"column":56},"end":{"line":214,"column":57}},{"start":{"line":214,"column":60},"end":{"line":214,"column":71}}]},"5":{"loc":{"start":{"line":323,"column":56},"end":{"line":323,"column":57}},"type":"cond-expr","locations":[{"start":{"line":323,"column":56},"end":{"line":323,"column":57}},{"start":{"line":323,"column":60},"end":{"line":323,"column":72}}]}},"s":{"0":1,"1":1,"2":0,"3":1,"4":0,"5":0,"6":0,"7":0,"8":1,"9":1,"10":1,"11":1,"12":0,"13":0,"14":0,"15":0,"16":0,"17":0,"18":0,"19":0,"20":0,"21":0,"22":0,"23":0,"24":0,"25":0,"26":0,"27":0,"28":0,"29":0,"30":0,"31":0,"32":0,"33":0,"34":0,"35":0,"36":0,"37":0,"38":0,"39":0,"40":0,"41":0,"42":0,"43":0,"44":0,"45":0,"46":0,"47":0,"48":0,"49":0,"50":0,"51":0,"52":0,"53":0,"54":0,"55":0,"56":0,"57":0,"58":0,"59":0,"60":0,"61":0,"62":0,"63":0,"64":0,"65":0,"66":0,"67":0,"68":0,"69":0,"70":0,"71":0,"72":0,"73":0,"74":0,"75":0,"76":0,"77":0,"78":0,"79":0,"80":0,"81":0,"82":0,"83":0,"84":0,"85":0,"86":0,"87":0,"88":0,"89":0,"90":0,"91":0,"92":0,"93":0,"94":0,"95":0,"96":0,"97":0,"98":0,"99":0,"100":0,"101":0,"102":0,"103":0,"104":0,"105":0,"106":0,"107":0,"108":0,"109":0,"110":0,"111":0,"112":0,"113":0,"114":0,"115":0,"116":0,"117":0,"118":0,"119":0,"120":0,"121":0,"122":0,"123":0,"124":0,"125":0,"126":0,"127":0,"128":0,"129":0,"130":0,"131":0,"132":0,"133":0,"134":0,"135":0,"136":0,"137":0,"138":0,"139":0,"140":0,"141":0,"142":0,"143":0,"144":0,"145":0,"146":0,"147":0,"148":0,"149":0,"150":0,"151":0,"152":0,"153":0,"154":0,"155":0,"156":0,"157":0,"158":0,"159":0,"160":0,"161":0,"162":0,"163":0,"164":0,"165":0,"166":0,"167":0,"168":0,"169":0,"170":0},"f":{"0":0,"1":0,"2":0,"3":0,"4":0,"5":0},"b":{"0":[0,0],"1":[0,0],"2":[0,0],"3":[0,0],"4":[0,0],"5":[0,0]}}
,"C:\\au-jest-setup\\src\\child-router.ts": {"path":"C:\\au-jest-setup\\src\\child-router.ts","statementMap":{"0":{"start":{"line":1,"column":0},"end":{"line":1,"column":37}},"1":{"start":{"line":4,"column":0},"end":{"line":4,"column":13}},"2":{"start":{"line":5,"column":9},"end":{"line":5,"column":34}},"3":{"start":{"line":8,"column":9},"end":{"line":34,"column":null}},"4":{"start":{"line":9,"column":4},"end":{"line":31,"column":7}},"5":{"start":{"line":33,"column":4},"end":{"line":33,"column":25}},"6":{"start":{"line":35,"column":0},"end":{"line":35,"column":null}},"7":{"start":{"line":4,"column":13},"end":{"line":4,"column":24}}},"fnMap":{"0":{"name":"(anonymous_0)","decl":{"start":{"line":4,"column":0},"end":{"line":4,"column":13}},"loc":{"start":{"line":4,"column":0},"end":{"line":35,"column":null}}},"1":{"name":"(anonymous_2)","decl":{"start":{"line":8,"column":2},"end":{"line":8,"column":9}},"loc":{"start":{"line":8,"column":68},"end":{"line":34,"column":3}}}},"branchMap":{},"s":{"0":1,"1":1,"2":5,"3":1,"4":5,"5":5,"6":1,"7":1},"f":{"0":6,"1":5},"b":{}}
,"C:\\au-jest-setup\\src\\environment.ts": {"path":"C:\\au-jest-setup\\src\\environment.ts","statementMap":{"0":{"start":{"line":1,"column":0},"end":{"line":4,"column":2}}},"fnMap":{},"branchMap":{},"s":{"0":0},"f":{},"b":{}}
,"C:\\au-jest-setup\\src\\main.ts": {"path":"C:\\au-jest-setup\\src\\main.ts","statementMap":{"0":{"start":{"line":1,"column":0},"end":{"line":1,"column":24}},"1":{"start":{"line":2,"column":0},"end":{"line":2,"column":19}},"2":{"start":{"line":4,"column":0},"end":{"line":4,"column":40}},"3":{"start":{"line":5,"column":0},"end":{"line":5,"column":37}},"4":{"start":{"line":8,"column":2},"end":{"line":10,"column":53}},"5":{"start":{"line":12,"column":2},"end":{"line":12,"column":71}},"6":{"start":{"line":15,"column":4},"end":{"line":15,"column":63}},"7":{"start":{"line":25,"column":2},"end":{"line":25,"column":74}},"8":{"start":{"line":25,"column":29},"end":{"line":25,"column":73}},"9":{"start":{"line":7,"column":0},"end":{"line":7,"column":16}}},"fnMap":{"0":{"name":"configure","decl":{"start":{"line":7,"column":16},"end":{"line":7,"column":25}},"loc":{"start":{"line":7,"column":42},"end":{"line":26,"column":1}}},"1":{"name":"(anonymous_2)","decl":{"start":{"line":25,"column":23},"end":{"line":25,"column":29}},"loc":{"start":{"line":25,"column":23},"end":{"line":25,"column":36}}}},"branchMap":{"0":{"loc":{"start":{"line":12,"column":53},"end":{"line":12,"column":60}},"type":"cond-expr","locations":[{"start":{"line":12,"column":53},"end":{"line":12,"column":60}},{"start":{"line":12,"column":63},"end":{"line":12,"column":69}}]}},"s":{"0":0,"1":0,"2":0,"3":0,"4":0,"5":0,"6":0,"7":0,"8":0,"9":0},"f":{"0":0,"1":0},"b":{"0":[0,0]}}
,"C:\\au-jest-setup\\src\\users.ts": {"path":"C:\\au-jest-setup\\src\\users.ts","statementMap":{"0":{"start":{"line":1,"column":0},"end":{"line":1,"column":45}},"1":{"start":{"line":2,"column":0},"end":{"line":2,"column":48}},"2":{"start":{"line":5,"column":0},"end":{"line":5,"column":13}},"3":{"start":{"line":9,"column":22},"end":{"line":9,"column":28}},"4":{"start":{"line":6,"column":9},"end":{"line":6,"column":42}},"5":{"start":{"line":7,"column":9},"end":{"line":7,"column":27}},"6":{"start":{"line":10,"column":4},"end":{"line":14,"column":7}},"7":{"start":{"line":11,"column":6},"end":{"line":13,"column":48}},"8":{"start":{"line":17,"column":8},"end":{"line":20,"column":null}},"9":{"start":{"line":18,"column":21},"end":{"line":18,"column":null}},"10":{"start":{"line":18,"column":10},"end":{"line":18,"column":null}},"11":{"start":{"line":19,"column":4},"end":{"line":19,"column":9}},"12":{"start":{"line":19,"column":17},"end":{"line":19,"column":39}},"13":{"start":{"line":19,"column":4},"end":{"line":19,"column":39}},"14":{"start":{"line":5,"column":13},"end":{"line":21,"column":null}},"15":{"start":{"line":21,"column":0},"end":{"line":21,"column":null}},"16":{"start":{"line":5,"column":13},"end":{"line":5,"column":18}}},"fnMap":{"0":{"name":"Users","decl":{"start":{"line":9,"column":2},"end":{"line":9,"column":22}},"loc":{"start":{"line":9,"column":38},"end":{"line":15,"column":3}}},"1":{"name":"(anonymous_16)","decl":{"start":{"line":10,"column":19},"end":{"line":10,"column":25}},"loc":{"start":{"line":10,"column":25},"end":{"line":14,"column":5}}}},"branchMap":{},"s":{"0":1,"1":1,"2":1,"3":1,"4":1,"5":1,"6":1,"7":0,"8":1,"9":0,"10":0,"11":0,"12":0,"13":0,"14":1,"15":1,"16":1},"f":{"0":1,"1":0},"b":{}}
,"C:\\au-jest-setup\\src\\welcome.ts": {"path":"C:\\au-jest-setup\\src\\welcome.ts","statementMap":{"0":{"start":{"line":1,"column":0},"end":{"line":1,"column":47}},"1":{"start":{"line":3,"column":0},"end":{"line":3,"column":13}},"2":{"start":{"line":4,"column":9},"end":{"line":4,"column":68}},"3":{"start":{"line":5,"column":9},"end":{"line":5,"column":36}},"4":{"start":{"line":6,"column":9},"end":{"line":6,"column":34}},"5":{"start":{"line":7,"column":10},"end":{"line":7,"column":48}},"6":{"start":{"line":13,"column":4},"end":{"line":13,"column":48}},"7":{"start":{"line":16,"column":9},"end":{"line":19,"column":null}},"8":{"start":{"line":17,"column":4},"end":{"line":17,"column":39}},"9":{"start":{"line":18,"column":4},"end":{"line":18,"column":40}},"10":{"start":{"line":21,"column":9},"end":{"line":25,"column":null}},"11":{"start":{"line":23,"column":6},"end":{"line":23,"column":56}},"12":{"start":{"line":12,"column":2},"end":{"line":14,"column":null}},"13":{"start":{"line":26,"column":0},"end":{"line":26,"column":null}},"14":{"start":{"line":3,"column":13},"end":{"line":3,"column":20}},"15":{"start":{"line":28,"column":0},"end":{"line":28,"column":13}},"16":{"start":{"line":29,"column":9},"end":{"line":31,"column":null}},"17":{"start":{"line":30,"column":4},"end":{"line":30,"column":40}},"18":{"start":{"line":32,"column":0},"end":{"line":32,"column":null}},"19":{"start":{"line":28,"column":13},"end":{"line":28,"column":32}}},"fnMap":{"0":{"name":"Welcome","decl":{"start":{"line":3,"column":0},"end":{"line":3,"column":13}},"loc":{"start":{"line":3,"column":0},"end":{"line":26,"column":null}}},"1":{"name":"(anonymous_4)","decl":{"start":{"line":12,"column":2},"end":{"line":12,"column":6}},"loc":{"start":{"line":12,"column":2},"end":{"line":14,"column":3}}},"2":{"name":"(anonymous_5)","decl":{"start":{"line":16,"column":2},"end":{"line":16,"column":9}},"loc":{"start":{"line":16,"column":2},"end":{"line":19,"column":3}}},"3":{"name":"(anonymous_6)","decl":{"start":{"line":21,"column":2},"end":{"line":21,"column":9}},"loc":{"start":{"line":21,"column":2},"end":{"line":25,"column":3}}},"4":{"name":"(anonymous_7)","decl":{"start":{"line":28,"column":0},"end":{"line":28,"column":13}},"loc":{"start":{"line":28,"column":0},"end":{"line":32,"column":null}}},"5":{"name":"(anonymous_9)","decl":{"start":{"line":29,"column":2},"end":{"line":29,"column":9}},"loc":{"start":{"line":29,"column":29},"end":{"line":31,"column":3}}}},"branchMap":{"0":{"loc":{"start":{"line":30,"column":11},"end":{"line":30,"column":16}},"type":"binary-expr","locations":[{"start":{"line":30,"column":11},"end":{"line":30,"column":16}},{"start":{"line":30,"column":20},"end":{"line":30,"column":39}}]}},"s":{"0":0,"1":0,"2":0,"3":0,"4":0,"5":0,"6":0,"7":0,"8":0,"9":0,"10":0,"11":0,"12":0,"13":0,"14":0,"15":0,"16":0,"17":0,"18":0,"19":0},"f":{"0":0,"1":0,"2":0,"3":0,"4":0,"5":0},"b":{"0":[0,0]}}
,"C:\\au-jest-setup\\src\\resources\\index.ts": {"path":"C:\\au-jest-setup\\src\\resources\\index.ts","statementMap":{"0":{"start":{"line":3,"column":0},"end":{"line":3,"column":16}}},"fnMap":{"0":{"name":"configure","decl":{"start":{"line":3,"column":16},"end":{"line":3,"column":25}},"loc":{"start":{"line":3,"column":56},"end":{"line":5,"column":1}}}},"branchMap":{},"s":{"0":0},"f":{"0":0},"b":{}}
}
