TN:
SF:C:\au-jest-setup\src\app.ts
FN:4,(anonymous_0)
FN:7,(anonymous_2)
FNF:2
FNH:2
FNDA:6,(anonymous_0)
FNDA:5,(anonymous_2)
DA:1,1
DA:4,1
DA:7,1
DA:8,5
DA:9,5
DA:33,5
DA:35,1
LF:7
LH:7
BRF:0
BRH:0
end_of_record
TN:
SF:C:\au-jest-setup\src\blur-image.ts
FN:5,BlurImageCustomAttribute
FN:8,(anonymous_4)
FN:12,(anonymous_5)
FN:103,stackBlurCanvasRGBA
FN:352,BlurStack
FN:361,drawBlur
FNF:6
FNH:0
FNDA:0,BlurImageCustomAttribute
FNDA:0,(anonymous_4)
FNDA:0,(anonymous_5)
FNDA:0,stackBlurCanvasRGBA
FNDA:0,BlurStack
FNDA:0,drawBlur
DA:1,1
DA:4,1
DA:5,0
DA:8,1
DA:10,0
DA:12,0
DA:15,1
DA:101,1
DA:105,0
DA:106,0
DA:108,0
DA:112,0
DA:114,0
DA:117,0
DA:124,0
DA:125,0
DA:126,0
DA:127,0
DA:128,0
DA:129,0
DA:131,0
DA:132,0
DA:135,0
DA:136,0
DA:138,0
DA:139,0
DA:140,0
DA:142,0
DA:144,0
DA:145,0
DA:149,0
DA:151,0
DA:152,0
DA:153,0
DA:154,0
DA:156,0
DA:157,0
DA:158,0
DA:159,0
DA:161,0
DA:165,0
DA:166,0
DA:167,0
DA:168,0
DA:169,0
DA:174,0
DA:175,0
DA:176,0
DA:177,0
DA:178,0
DA:180,0
DA:181,0
DA:182,0
DA:183,0
DA:185,0
DA:189,0
DA:190,0
DA:193,0
DA:196,0
DA:197,0
DA:198,0
DA:199,0
DA:201,0
DA:204,0
DA:205,0
DA:206,0
DA:207,0
DA:209,0
DA:210,0
DA:211,0
DA:212,0
DA:214,0
DA:216,0
DA:217,0
DA:218,0
DA:219,0
DA:221,0
DA:222,0
DA:223,0
DA:224,0
DA:226,0
DA:228,0
DA:229,0
DA:230,0
DA:231,0
DA:233,0
DA:234,0
DA:235,0
DA:236,0
DA:238,0
DA:240,0
DA:242,0
DA:248,0
DA:250,0
DA:251,0
DA:252,0
DA:253,0
DA:254,0
DA:256,0
DA:257,0
DA:258,0
DA:259,0
DA:261,0
DA:265,0
DA:266,0
DA:267,0
DA:268,0
DA:269,0
DA:272,0
DA:276,0
DA:278,0
DA:279,0
DA:280,0
DA:281,0
DA:283,0
DA:284,0
DA:285,0
DA:286,0
DA:288,0
DA:292,0
DA:296,0
DA:297,0
DA:298,0
DA:301,0
DA:302,0
DA:305,0
DA:306,0
DA:307,0
DA:308,0
DA:310,0
DA:313,0
DA:314,0
DA:315,0
DA:316,0
DA:318,0
DA:319,0
DA:320,0
DA:321,0
DA:323,0
DA:325,0
DA:326,0
DA:327,0
DA:328,0
DA:330,0
DA:332,0
DA:333,0
DA:334,0
DA:335,0
DA:337,0
DA:338,0
DA:339,0
DA:340,0
DA:342,0
DA:344,0
DA:348,0
DA:354,0
DA:355,0
DA:356,0
DA:357,0
DA:358,0
DA:362,0
DA:363,0
DA:364,0
DA:365,0
DA:366,0
LF:165
LH:5
BRDA:105,0,0,0
BRDA:105,0,1,0
BRDA:105,1,0,0
BRDA:105,1,1,0
BRDA:136,2,0,0
BRDA:136,2,1,0
BRDA:174,3,0,0
BRDA:174,3,1,0
BRDA:214,4,0,0
BRDA:214,4,1,0
BRDA:323,5,0,0
BRDA:323,5,1,0
BRF:12
BRH:0
end_of_record
TN:
SF:C:\au-jest-setup\src\child-router.ts
FN:4,(anonymous_0)
FN:8,(anonymous_2)
FNF:2
FNH:2
FNDA:6,(anonymous_0)
FNDA:5,(anonymous_2)
DA:1,1
DA:4,1
DA:5,5
DA:8,1
DA:9,5
DA:33,5
DA:35,1
LF:7
LH:7
BRF:0
BRH:0
end_of_record
TN:
SF:C:\au-jest-setup\src\environment.ts
FNF:0
FNH:0
DA:1,0
LF:1
LH:0
BRF:0
BRH:0
end_of_record
TN:
SF:C:\au-jest-setup\src\main.ts
FN:7,configure
FN:25,(anonymous_2)
FNF:2
FNH:0
FNDA:0,configure
FNDA:0,(anonymous_2)
DA:1,0
DA:2,0
DA:4,0
DA:5,0
DA:7,0
DA:8,0
DA:12,0
DA:15,0
DA:25,0
LF:9
LH:0
BRDA:12,0,0,0
BRDA:12,0,1,0
BRF:2
BRH:0
end_of_record
TN:
SF:C:\au-jest-setup\src\users.ts
FN:9,Users
FN:10,(anonymous_16)
FNF:2
FNH:1
FNDA:1,Users
FNDA:0,(anonymous_16)
DA:1,1
DA:2,1
DA:5,1
DA:6,1
DA:7,1
DA:9,1
DA:10,1
DA:11,0
DA:17,1
DA:18,0
DA:19,0
DA:21,1
LF:12
LH:9
BRF:0
BRH:0
end_of_record
TN:
SF:C:\au-jest-setup\src\welcome.ts
FN:3,Welcome
FN:12,(anonymous_4)
FN:16,(anonymous_5)
FN:21,(anonymous_6)
FN:28,(anonymous_7)
FN:29,(anonymous_9)
FNF:6
FNH:0
FNDA:0,Welcome
FNDA:0,(anonymous_4)
FNDA:0,(anonymous_5)
FNDA:0,(anonymous_6)
FNDA:0,(anonymous_7)
FNDA:0,(anonymous_9)
DA:1,0
DA:3,0
DA:4,0
DA:5,0
DA:6,0
DA:7,0
DA:12,0
DA:13,0
DA:16,0
DA:17,0
DA:18,0
DA:21,0
DA:23,0
DA:26,0
DA:28,0
DA:29,0
DA:30,0
DA:32,0
LF:18
LH:0
BRDA:30,0,0,0
BRDA:30,0,1,0
BRF:2
BRH:0
end_of_record
TN:
SF:C:\au-jest-setup\src\resources\index.ts
FN:3,configure
FNF:1
FNH:0
FNDA:0,configure
DA:3,0
LF:1
LH:0
BRF:0
BRH:0
end_of_record
